<?xml version="1.0" encoding="UTF-8"?>
<testsuite name="JobTest" tests="1" skipped="0" failures="0" errors="0" timestamp="2022-07-18T11:05:36" hostname="savera" time="0.011">
  <properties/>
  <testcase name="Personalise Coffee" classname="JobTest" time="0.011"/>
  <system-out><![CDATA[]]></system-out>
  <system-err><![CDATA[]]></system-err>
</testsuite>
